hiddencamera/build/intermediates/manifest_merge_blame_file/debug/manifest-merger-blame-debug-report.txt
1<?xml version="1.0" encoding="utf-8"?>
2<!--
3  ~ Copyright 2016 Keval Patel.
4  ~
5  ~ Licensed under the Apache License, Version 2.0 (the "License");
6  ~ you may not use this file except in compliance with the License.
7  ~ You may obtain a copy of the License at
8  ~
9  ~ http://www.apache.org/licenses/LICENSE-2.0
10  ~
11  ~ Unless required by applicable law or agreed to in writing, software
12  ~ distributed under the License is distributed on an "AS IS" BASIS,
13  ~ WITHOUT WARRANTIES OR CONDITIONS OF ANY KIND, either express or implied.
14  ~ See the License for the specific language governing permissions and
15  ~ limitations under the License.
16-->
17<manifest xmlns:android="http://schemas.android.com/apk/res/android"
18    package="com.androidhiddencamera" >
19
20    <uses-sdk
21        android:minSdkVersion="16"
21-->src\main\AndroidManifest.xml
22        android:targetSdkVersion="27" />
22-->src\main\AndroidManifest.xml
23
24    <uses-feature
24-->src\main\AndroidManifest.xml:20:5-22:36
25        android:name="android.hardware.camera.autofocus"
25-->src\main\AndroidManifest.xml:21:9-57
26        android:required="false" />
26-->src\main\AndroidManifest.xml:22:9-33
27    <uses-feature
27-->src\main\AndroidManifest.xml:23:5-25:36
28        android:name="android.hardware.Camera"
28-->src\main\AndroidManifest.xml:24:9-47
29        android:required="false" />
29-->src\main\AndroidManifest.xml:25:9-33
30
31    <uses-permission android:name="android.permission.CAMERA" />
31-->src\main\AndroidManifest.xml:27:5-65
31-->src\main\AndroidManifest.xml:27:22-62
32
33    <application
33-->src\main\AndroidManifest.xml:28:5-30:38
34        android:allowBackup="true"
34-->src\main\AndroidManifest.xml:29:9-35
35        android:supportsRtl="true" />
35-->src\main\AndroidManifest.xml:30:9-35
36
37</manifest>